d:\project_computernetwork\server\server\x64\debug\vc143.pdb
d:\project_computernetwork\server\server\x64\debug\vc143.idb
d:\project_computernetwork\server\server\x64\debug\source.obj
d:\project_computernetwork\server\server\x64\debug\socket.obj
d:\project_computernetwork\server\server\x64\debug\webcam.obj
d:\project_computernetwork\server\server\x64\debug\screenshot.obj
d:\project_computernetwork\server\server\x64\debug\record.obj
d:\project_computernetwork\server\server\x64\debug\processmanager.obj
d:\project_computernetwork\server\server\x64\debug\networkmanager.obj
d:\project_computernetwork\server\server\x64\debug\keycontroller.obj
d:\project_computernetwork\server\server\x64\debug\applicationmanager.obj
d:\project_computernetwork\server\server\x64\debug\main.obj
d:\project_computernetwork\server\server\x64\debug\systemcontrol.obj
d:\project_computernetwork\server\server\x64\debug\commandfactory.obj
d:\project_computernetwork\server\server\x64\debug\shutdowncommand.obj
d:\project_computernetwork\server\server\x64\debug\screenshotcommand.obj
d:\project_computernetwork\server\server\x64\debug\restartcommand.obj
d:\project_computernetwork\server\server\x64\debug\recordcommand.obj
d:\project_computernetwork\server\server\x64\debug\processcommand.obj
d:\project_computernetwork\server\server\x64\debug\keycommand.obj
d:\project_computernetwork\server\server\x64\debug\applicationcommand.obj
d:\project_computernetwork\server\x64\debug\server.pdb
d:\project_computernetwork\server\server\x64\debug\server.tlog\cl.command.1.tlog
d:\project_computernetwork\server\server\x64\debug\server.tlog\cl.read.1.tlog
d:\project_computernetwork\server\server\x64\debug\server.tlog\cl.write.1.tlog
d:\project_computernetwork\server\server\x64\debug\server.tlog\link-cvtres.read.1.tlog
d:\project_computernetwork\server\server\x64\debug\server.tlog\link-cvtres.write.1.tlog
d:\project_computernetwork\server\server\x64\debug\server.tlog\link-rc.read.1.tlog
d:\project_computernetwork\server\server\x64\debug\server.tlog\link-rc.write.1.tlog
d:\project_computernetwork\server\server\x64\debug\server.tlog\link.command.1.tlog
d:\project_computernetwork\server\server\x64\debug\server.tlog\link.read.1.tlog
d:\project_computernetwork\server\server\x64\debug\server.tlog\link.read.2.tlog
d:\project_computernetwork\server\server\x64\debug\server.tlog\link.write.1.tlog
